This file contains any messages produced by compilers while
running configure, to aid debugging if configure makes a mistake.

It was created by filetransfer_system configure 0.1, which was
generated by GNU Autoconf 2.69.  Invocation command line was

  $ /home/sandevil/filetransfer-system/configure --enable-maintainer-mode CFLAGS=-g -O0 CXXFLAGS=-g -O0 JFLAGS=-g -O0 FFLAGS=-g -O0

## --------- ##
## Platform. ##
## --------- ##

hostname = sandedesktop
uname -m = x86_64
uname -r = 3.8.0-23-generic
uname -s = Linux
uname -v = #34-Ubuntu SMP Wed May 29 20:22:58 UTC 2013

/usr/bin/uname -p = unknown
/bin/uname -X     = unknown

/bin/arch              = unknown
/usr/bin/arch -k       = unknown
/usr/convex/getsysinfo = unknown
/usr/bin/hostinfo      = unknown
/bin/machine           = unknown
/usr/bin/oslevel       = unknown
/bin/universe          = unknown

PATH: /usr/lib/x86_64-linux-gnu/qt4/bin
PATH: /usr/lib/lightdm/lightdm
PATH: /usr/local/sbin
PATH: /usr/local/bin
PATH: /usr/sbin
PATH: /usr/bin
PATH: /sbin
PATH: /bin
PATH: /usr/games
PATH: /usr/local/games


## ----------- ##
## Core tests. ##
## ----------- ##

configure:2177: checking for a BSD-compatible install
configure:2245: result: /usr/bin/install -c
configure:2256: checking whether build environment is sane
configure:2306: result: yes
configure:2447: checking for a thread-safe mkdir -p
configure:2486: result: /bin/mkdir -p
configure:2499: checking for gawk
configure:2515: found /usr/bin/gawk
configure:2526: result: gawk
configure:2537: checking whether make sets $(MAKE)
configure:2559: result: yes
configure:2651: checking whether make supports nested variables
configure:2668: result: yes
configure:2728: checking for gcc
configure:2744: found /usr/bin/gcc
configure:2755: result: gcc
configure:2984: checking for C compiler version
configure:2993: gcc --version >&5
gcc (Ubuntu/Linaro 4.7.3-1ubuntu1) 4.7.3
Copyright (C) 2012 Free Software Foundation, Inc.
This is free software; see the source for copying conditions.  There is NO
warranty; not even for MERCHANTABILITY or FITNESS FOR A PARTICULAR PURPOSE.

configure:3004: $? = 0
configure:2993: gcc -v >&5
Using built-in specs.
COLLECT_GCC=gcc
COLLECT_LTO_WRAPPER=/usr/lib/gcc/x86_64-linux-gnu/4.7/lto-wrapper
Target: x86_64-linux-gnu
Configured with: ../src/configure -v --with-pkgversion='Ubuntu/Linaro 4.7.3-1ubuntu1' --with-bugurl=file:///usr/share/doc/gcc-4.7/README.Bugs --enable-languages=c,c++,go,fortran,objc,obj-c++ --prefix=/usr --program-suffix=-4.7 --enable-shared --enable-linker-build-id --libexecdir=/usr/lib --without-included-gettext --enable-threads=posix --with-gxx-include-dir=/usr/include/c++/4.7 --libdir=/usr/lib --enable-nls --with-sysroot=/ --enable-clocale=gnu --enable-libstdcxx-debug --enable-libstdcxx-time=yes --enable-gnu-unique-object --enable-plugin --with-system-zlib --enable-objc-gc --with-cloog --enable-cloog-backend=ppl --disable-cloog-version-check --disable-ppl-version-check --enable-multiarch --disable-werror --with-arch-32=i686 --with-abi=m64 --with-multilib-list=m32,m64,mx32 --with-tune=generic --enable-checking=release --build=x86_64-linux-gnu --host=x86_64-linux-gnu --target=x86_64-linux-gnu
Thread model: posix
gcc version 4.7.3 (Ubuntu/Linaro 4.7.3-1ubuntu1) 
configure:3004: $? = 0
configure:2993: gcc -V >&5
gcc: error: unrecognized command line option '-V'
gcc: fatal error: no input files
compilation terminated.
configure:3004: $? = 4
configure:2993: gcc -qversion >&5
gcc: error: unrecognized command line option '-qversion'
gcc: fatal error: no input files
compilation terminated.
configure:3004: $? = 4
configure:3024: checking whether the C compiler works
configure:3046: gcc -g -O0   conftest.c  >&5
configure:3050: $? = 0
configure:3098: result: yes
configure:3101: checking for C compiler default output file name
configure:3103: result: a.out
configure:3109: checking for suffix of executables
configure:3116: gcc -o conftest -g -O0   conftest.c  >&5
configure:3120: $? = 0
configure:3142: result: 
configure:3164: checking whether we are cross compiling
configure:3172: gcc -o conftest -g -O0   conftest.c  >&5
configure:3176: $? = 0
configure:3183: ./conftest
configure:3187: $? = 0
configure:3202: result: no
configure:3207: checking for suffix of object files
configure:3229: gcc -c -g -O0  conftest.c >&5
configure:3233: $? = 0
configure:3254: result: o
configure:3258: checking whether we are using the GNU C compiler
configure:3277: gcc -c -g -O0  conftest.c >&5
configure:3277: $? = 0
configure:3286: result: yes
configure:3295: checking whether gcc accepts -g
configure:3315: gcc -c -g  conftest.c >&5
configure:3315: $? = 0
configure:3356: result: yes
configure:3373: checking for gcc option to accept ISO C89
configure:3436: gcc  -c -g -O0  conftest.c >&5
configure:3436: $? = 0
configure:3449: result: none needed
configure:3480: checking for style of include used by make
configure:3508: result: GNU
configure:3534: checking dependency style of gcc
configure:3645: result: gcc3
configure:3695: checking build system type
configure:3709: result: x86_64-unknown-linux-gnu
configure:3729: checking host system type
configure:3742: result: x86_64-unknown-linux-gnu
configure:3783: checking how to print strings
configure:3810: result: printf
configure:3831: checking for a sed that does not truncate output
configure:3895: result: /bin/sed
configure:3913: checking for grep that handles long lines and -e
configure:3971: result: /bin/grep
configure:3976: checking for egrep
configure:4038: result: /bin/grep -E
configure:4043: checking for fgrep
configure:4105: result: /bin/grep -F
configure:4140: checking for ld used by gcc
configure:4207: result: /usr/bin/ld
configure:4214: checking if the linker (/usr/bin/ld) is GNU ld
configure:4229: result: yes
configure:4241: checking for BSD- or MS-compatible name lister (nm)
configure:4290: result: /usr/bin/nm -B
configure:4420: checking the name lister (/usr/bin/nm -B) interface
configure:4427: gcc -c -g -O0  conftest.c >&5
configure:4430: /usr/bin/nm -B "conftest.o"
configure:4433: output
0000000000000000 B some_variable
configure:4440: result: BSD nm
configure:4443: checking whether ln -s works
configure:4447: result: yes
configure:4455: checking the maximum length of command line arguments
configure:4586: result: 1572864
configure:4603: checking whether the shell understands some XSI constructs
configure:4613: result: yes
configure:4617: checking whether the shell understands "+="
configure:4623: result: yes
configure:4658: checking how to convert x86_64-unknown-linux-gnu file names to x86_64-unknown-linux-gnu format
configure:4698: result: func_convert_file_noop
configure:4705: checking how to convert x86_64-unknown-linux-gnu file names to toolchain format
configure:4725: result: func_convert_file_noop
configure:4732: checking for /usr/bin/ld option to reload object files
configure:4739: result: -r
configure:4813: checking for objdump
configure:4829: found /usr/bin/objdump
configure:4840: result: objdump
configure:4872: checking how to recognize dependent libraries
configure:5070: result: pass_all
configure:5155: checking for dlltool
configure:5185: result: no
configure:5215: checking how to associate runtime and link libraries
configure:5242: result: printf %s\n
configure:5303: checking for ar
configure:5319: found /usr/bin/ar
configure:5330: result: ar
configure:5367: checking for archiver @FILE support
configure:5384: gcc -c -g -O0  conftest.c >&5
configure:5384: $? = 0
configure:5387: ar cru libconftest.a @conftest.lst >&5
configure:5390: $? = 0
configure:5395: ar cru libconftest.a @conftest.lst >&5
ar: conftest.o: No such file or directory
configure:5398: $? = 1
configure:5410: result: @
configure:5468: checking for strip
configure:5484: found /usr/bin/strip
configure:5495: result: strip
configure:5567: checking for ranlib
configure:5583: found /usr/bin/ranlib
configure:5594: result: ranlib
configure:5696: checking command to parse /usr/bin/nm -B output from gcc object
configure:5816: gcc -c -g -O0  conftest.c >&5
configure:5819: $? = 0
configure:5823: /usr/bin/nm -B conftest.o \| sed -n -e 's/^.*[ ]\([ABCDGIRSTW][ABCDGIRSTW]*\)[ ][ ]*\([_A-Za-z][_A-Za-z0-9]*\)$/\1 \2 \2/p' | sed '/ __gnu_lto/d' \> conftest.nm
configure:5826: $? = 0
configure:5892: gcc -o conftest -g -O0   conftest.c conftstm.o >&5
configure:5895: $? = 0
configure:5933: result: ok
configure:5970: checking for sysroot
configure:6000: result: no
configure:6077: gcc -c -g -O0  conftest.c >&5
configure:6080: $? = 0
configure:6263: checking for mt
configure:6279: found /bin/mt
configure:6290: result: mt
configure:6313: checking if mt is a manifest tool
configure:6319: mt '-?'
configure:6327: result: no
configure:6969: checking how to run the C preprocessor
configure:7000: gcc -E  conftest.c
configure:7000: $? = 0
configure:7014: gcc -E  conftest.c
conftest.c:11:28: fatal error: ac_nonexistent.h: No such file or directory
compilation terminated.
configure:7014: $? = 1
configure: failed program was:
| /* confdefs.h */
| #define PACKAGE_NAME "filetransfer_system"
| #define PACKAGE_TARNAME "filetransfer_system"
| #define PACKAGE_VERSION "0.1"
| #define PACKAGE_STRING "filetransfer_system 0.1"
| #define PACKAGE_BUGREPORT ""
| #define PACKAGE_URL ""
| #define PACKAGE "filetransfer_system"
| #define VERSION "0.1"
| /* end confdefs.h.  */
| #include <ac_nonexistent.h>
configure:7039: result: gcc -E
configure:7059: gcc -E  conftest.c
configure:7059: $? = 0
configure:7073: gcc -E  conftest.c
conftest.c:11:28: fatal error: ac_nonexistent.h: No such file or directory
compilation terminated.
configure:7073: $? = 1
configure: failed program was:
| /* confdefs.h */
| #define PACKAGE_NAME "filetransfer_system"
| #define PACKAGE_TARNAME "filetransfer_system"
| #define PACKAGE_VERSION "0.1"
| #define PACKAGE_STRING "filetransfer_system 0.1"
| #define PACKAGE_BUGREPORT ""
| #define PACKAGE_URL ""
| #define PACKAGE "filetransfer_system"
| #define VERSION "0.1"
| /* end confdefs.h.  */
| #include <ac_nonexistent.h>
configure:7102: checking for ANSI C header files
configure:7122: gcc -c -g -O0  conftest.c >&5
configure:7122: $? = 0
configure:7195: gcc -o conftest -g -O0   conftest.c  >&5
configure:7195: $? = 0
configure:7195: ./conftest
configure:7195: $? = 0
configure:7206: result: yes
configure:7219: checking for sys/types.h
configure:7219: gcc -c -g -O0  conftest.c >&5
configure:7219: $? = 0
configure:7219: result: yes
configure:7219: checking for sys/stat.h
configure:7219: gcc -c -g -O0  conftest.c >&5
configure:7219: $? = 0
configure:7219: result: yes
configure:7219: checking for stdlib.h
configure:7219: gcc -c -g -O0  conftest.c >&5
configure:7219: $? = 0
configure:7219: result: yes
configure:7219: checking for string.h
configure:7219: gcc -c -g -O0  conftest.c >&5
configure:7219: $? = 0
configure:7219: result: yes
configure:7219: checking for memory.h
configure:7219: gcc -c -g -O0  conftest.c >&5
configure:7219: $? = 0
configure:7219: result: yes
configure:7219: checking for strings.h
configure:7219: gcc -c -g -O0  conftest.c >&5
configure:7219: $? = 0
configure:7219: result: yes
configure:7219: checking for inttypes.h
configure:7219: gcc -c -g -O0  conftest.c >&5
configure:7219: $? = 0
configure:7219: result: yes
configure:7219: checking for stdint.h
configure:7219: gcc -c -g -O0  conftest.c >&5
configure:7219: $? = 0
configure:7219: result: yes
configure:7219: checking for unistd.h
configure:7219: gcc -c -g -O0  conftest.c >&5
configure:7219: $? = 0
configure:7219: result: yes
configure:7233: checking for dlfcn.h
configure:7233: gcc -c -g -O0  conftest.c >&5
configure:7233: $? = 0
configure:7233: result: yes
configure:7439: checking for objdir
configure:7454: result: .libs
configure:7721: checking if gcc supports -fno-rtti -fno-exceptions
configure:7739: gcc -c -g -O0  -fno-rtti -fno-exceptions conftest.c >&5
cc1: warning: command line option '-fno-rtti' is valid for C++/ObjC++ but not for C [enabled by default]
configure:7743: $? = 0
configure:7756: result: no
configure:8083: checking for gcc option to produce PIC
configure:8090: result: -fPIC -DPIC
configure:8098: checking if gcc PIC flag -fPIC -DPIC works
configure:8116: gcc -c -g -O0  -fPIC -DPIC -DPIC conftest.c >&5
configure:8120: $? = 0
configure:8133: result: yes
configure:8162: checking if gcc static flag -static works
configure:8190: result: yes
configure:8205: checking if gcc supports -c -o file.o
configure:8226: gcc -c -g -O0  -o out/conftest2.o conftest.c >&5
configure:8230: $? = 0
configure:8252: result: yes
configure:8260: checking if gcc supports -c -o file.o
configure:8307: result: yes
configure:8340: checking whether the gcc linker (/usr/bin/ld -m elf_x86_64) supports shared libraries
configure:9497: result: yes
configure:9534: checking whether -lc should be explicitly linked in
configure:9542: gcc -c -g -O0  conftest.c >&5
configure:9545: $? = 0
configure:9560: gcc -shared  -fPIC -DPIC conftest.o  -v -Wl,-soname -Wl,conftest -o conftest 2\>\&1 \| /bin/grep  -lc  \>/dev/null 2\>\&1
configure:9563: $? = 0
configure:9577: result: no
configure:9737: checking dynamic linker characteristics
configure:10237: gcc -o conftest -g -O0   -Wl,-rpath -Wl,/foo conftest.c  >&5
configure:10237: $? = 0
configure:10471: result: GNU/Linux ld.so
configure:10578: checking how to hardcode library paths into programs
configure:10603: result: immediate
configure:11143: checking whether stripping libraries is possible
configure:11148: result: yes
configure:11183: checking if libtool supports shared libraries
configure:11185: result: yes
configure:11188: checking whether to build shared libraries
configure:11209: result: yes
configure:11212: checking whether to build static libraries
configure:11216: result: yes
configure:11310: checking for pkg-config
configure:11328: found /usr/bin/pkg-config
configure:11340: result: /usr/bin/pkg-config
configure:11365: checking pkg-config is at least version 0.9.0
configure:11368: result: yes
configure:11378: checking for FILETRANSFER_SYSTEM
configure:11385: $PKG_CONFIG --exists --print-errors "gtk+-3.0 >= 2.90.3 "
configure:11388: $? = 0
configure:11402: $PKG_CONFIG --exists --print-errors "gtk+-3.0 >= 2.90.3 "
configure:11405: $? = 0
configure:11463: result: yes
configure:11603: creating ./config.status

## ---------------------- ##
## Running config.status. ##
## ---------------------- ##

This file was extended by filetransfer_system config.status 0.1, which was
generated by GNU Autoconf 2.69.  Invocation command line was

  CONFIG_FILES    = 
  CONFIG_HEADERS  = 
  CONFIG_LINKS    = 
  CONFIG_COMMANDS = 
  $ ./config.status 

on sandedesktop

config.status:1088: creating Makefile
config.status:1088: creating src/Makefile
config.status:1088: creating config.h
config.status:1302: executing depfiles commands
config.status:1302: executing libtool commands
configure:13826: WARNING: unrecognized options: --enable-maintainer-mode

## ---------------- ##
## Cache variables. ##
## ---------------- ##

ac_cv_build=x86_64-unknown-linux-gnu
ac_cv_c_compiler_gnu=yes
ac_cv_env_CC_set=
ac_cv_env_CC_value=
ac_cv_env_CFLAGS_set=set
ac_cv_env_CFLAGS_value='-g -O0'
ac_cv_env_CPPFLAGS_set=
ac_cv_env_CPPFLAGS_value=
ac_cv_env_CPP_set=
ac_cv_env_CPP_value=
ac_cv_env_FILETRANSFER_SYSTEM_CFLAGS_set=
ac_cv_env_FILETRANSFER_SYSTEM_CFLAGS_value=
ac_cv_env_FILETRANSFER_SYSTEM_LIBS_set=
ac_cv_env_FILETRANSFER_SYSTEM_LIBS_value=
ac_cv_env_LDFLAGS_set=
ac_cv_env_LDFLAGS_value=
ac_cv_env_LIBS_set=
ac_cv_env_LIBS_value=
ac_cv_env_PKG_CONFIG_LIBDIR_set=
ac_cv_env_PKG_CONFIG_LIBDIR_value=
ac_cv_env_PKG_CONFIG_PATH_set=
ac_cv_env_PKG_CONFIG_PATH_value=
ac_cv_env_PKG_CONFIG_set=
ac_cv_env_PKG_CONFIG_value=
ac_cv_env_build_alias_set=
ac_cv_env_build_alias_value=
ac_cv_env_host_alias_set=
ac_cv_env_host_alias_value=
ac_cv_env_target_alias_set=
ac_cv_env_target_alias_value=
ac_cv_header_dlfcn_h=yes
ac_cv_header_inttypes_h=yes
ac_cv_header_memory_h=yes
ac_cv_header_stdc=yes
ac_cv_header_stdint_h=yes
ac_cv_header_stdlib_h=yes
ac_cv_header_string_h=yes
ac_cv_header_strings_h=yes
ac_cv_header_sys_stat_h=yes
ac_cv_header_sys_types_h=yes
ac_cv_header_unistd_h=yes
ac_cv_host=x86_64-unknown-linux-gnu
ac_cv_objext=o
ac_cv_path_EGREP='/bin/grep -E'
ac_cv_path_FGREP='/bin/grep -F'
ac_cv_path_GREP=/bin/grep
ac_cv_path_SED=/bin/sed
ac_cv_path_ac_pt_PKG_CONFIG=/usr/bin/pkg-config
ac_cv_path_install='/usr/bin/install -c'
ac_cv_path_mkdir=/bin/mkdir
ac_cv_prog_AWK=gawk
ac_cv_prog_CPP='gcc -E'
ac_cv_prog_ac_ct_AR=ar
ac_cv_prog_ac_ct_CC=gcc
ac_cv_prog_ac_ct_MANIFEST_TOOL=mt
ac_cv_prog_ac_ct_OBJDUMP=objdump
ac_cv_prog_ac_ct_RANLIB=ranlib
ac_cv_prog_ac_ct_STRIP=strip
ac_cv_prog_cc_c89=
ac_cv_prog_cc_g=yes
ac_cv_prog_make_make_set=yes
am_cv_CC_dependencies_compiler_type=gcc3
am_cv_make_support_nested_variables=yes
lt_cv_ar_at_file=@
lt_cv_archive_cmds_need_lc=no
lt_cv_deplibs_check_method=pass_all
lt_cv_file_magic_cmd='$MAGIC_CMD'
lt_cv_file_magic_test_file=
lt_cv_ld_reload_flag=-r
lt_cv_nm_interface='BSD nm'
lt_cv_objdir=.libs
lt_cv_path_LD=/usr/bin/ld
lt_cv_path_NM='/usr/bin/nm -B'
lt_cv_path_mainfest_tool=no
lt_cv_prog_compiler_c_o=yes
lt_cv_prog_compiler_pic='-fPIC -DPIC'
lt_cv_prog_compiler_pic_works=yes
lt_cv_prog_compiler_rtti_exceptions=no
lt_cv_prog_compiler_static_works=yes
lt_cv_prog_gnu_ld=yes
lt_cv_sharedlib_from_linklib_cmd='printf %s\n'
lt_cv_shlibpath_overrides_runpath=no
lt_cv_sys_global_symbol_pipe='sed -n -e '\''s/^.*[	 ]\([ABCDGIRSTW][ABCDGIRSTW]*\)[	 ][	 ]*\([_A-Za-z][_A-Za-z0-9]*\)$/\1 \2 \2/p'\'' | sed '\''/ __gnu_lto/d'\'''
lt_cv_sys_global_symbol_to_c_name_address='sed -n -e '\''s/^: \([^ ]*\)[ ]*$/  {\"\1\", (void *) 0},/p'\'' -e '\''s/^[ABCDGIRSTW]* \([^ ]*\) \([^ ]*\)$/  {"\2", (void *) \&\2},/p'\'''
lt_cv_sys_global_symbol_to_c_name_address_lib_prefix='sed -n -e '\''s/^: \([^ ]*\)[ ]*$/  {\"\1\", (void *) 0},/p'\'' -e '\''s/^[ABCDGIRSTW]* \([^ ]*\) \(lib[^ ]*\)$/  {"\2", (void *) \&\2},/p'\'' -e '\''s/^[ABCDGIRSTW]* \([^ ]*\) \([^ ]*\)$/  {"lib\2", (void *) \&\2},/p'\'''
lt_cv_sys_global_symbol_to_cdecl='sed -n -e '\''s/^T .* \(.*\)$/extern int \1();/p'\'' -e '\''s/^[ABCDGIRSTW]* .* \(.*\)$/extern char \1;/p'\'''
lt_cv_sys_max_cmd_len=1572864
lt_cv_to_host_file_cmd=func_convert_file_noop
lt_cv_to_tool_file_cmd=func_convert_file_noop
pkg_cv_FILETRANSFER_SYSTEM_CFLAGS='-pthread -I/usr/include/gtk-3.0 -I/usr/include/atk-1.0 -I/usr/include/at-spi2-atk/2.0 -I/usr/include/pango-1.0 -I/usr/include/gio-unix-2.0/ -I/usr/include/cairo -I/usr/include/gdk-pixbuf-2.0 -I/usr/include/glib-2.0 -I/usr/lib/x86_64-linux-gnu/glib-2.0/include -I/usr/include/harfbuzz -I/usr/include/freetype2 -I/usr/include/pixman-1 -I/usr/include/libpng12  '
pkg_cv_FILETRANSFER_SYSTEM_LIBS='-lgtk-3 -lgdk-3 -latk-1.0 -lgio-2.0 -lpangocairo-1.0 -lgdk_pixbuf-2.0 -lcairo-gobject -lpango-1.0 -lcairo -lgobject-2.0 -lglib-2.0  '

## ----------------- ##
## Output variables. ##
## ----------------- ##

ACLOCAL='${SHELL} /home/sandevil/filetransfer-system/missing --run aclocal-1.11'
AMDEPBACKSLASH='\'
AMDEP_FALSE='#'
AMDEP_TRUE=''
AMTAR='$${TAR-tar}'
AM_BACKSLASH='\'
AM_DEFAULT_V='$(AM_DEFAULT_VERBOSITY)'
AM_DEFAULT_VERBOSITY='0'
AM_V='$(V)'
AR='ar'
AUTOCONF='${SHELL} /home/sandevil/filetransfer-system/missing --run autoconf'
AUTOHEADER='${SHELL} /home/sandevil/filetransfer-system/missing --run autoheader'
AUTOMAKE='${SHELL} /home/sandevil/filetransfer-system/missing --run automake-1.11'
AWK='gawk'
CC='gcc'
CCDEPMODE='depmode=gcc3'
CFLAGS='-g -O0'
CPP='gcc -E'
CPPFLAGS=''
CYGPATH_W='echo'
DEFS='-DHAVE_CONFIG_H'
DEPDIR='.deps'
DLLTOOL='false'
DSYMUTIL=''
DUMPBIN=''
ECHO_C=''
ECHO_N='-n'
ECHO_T=''
EGREP='/bin/grep -E'
EXEEXT=''
FGREP='/bin/grep -F'
FILETRANSFER_SYSTEM_CFLAGS='-pthread -I/usr/include/gtk-3.0 -I/usr/include/atk-1.0 -I/usr/include/at-spi2-atk/2.0 -I/usr/include/pango-1.0 -I/usr/include/gio-unix-2.0/ -I/usr/include/cairo -I/usr/include/gdk-pixbuf-2.0 -I/usr/include/glib-2.0 -I/usr/lib/x86_64-linux-gnu/glib-2.0/include -I/usr/include/harfbuzz -I/usr/include/freetype2 -I/usr/include/pixman-1 -I/usr/include/libpng12  '
FILETRANSFER_SYSTEM_LIBS='-lgtk-3 -lgdk-3 -latk-1.0 -lgio-2.0 -lpangocairo-1.0 -lgdk_pixbuf-2.0 -lcairo-gobject -lpango-1.0 -lcairo -lgobject-2.0 -lglib-2.0  '
GREP='/bin/grep'
INSTALL_DATA='${INSTALL} -m 644'
INSTALL_PROGRAM='${INSTALL}'
INSTALL_SCRIPT='${INSTALL}'
INSTALL_STRIP_PROGRAM='$(install_sh) -c -s'
LD='/usr/bin/ld -m elf_x86_64'
LDFLAGS=''
LIBOBJS=''
LIBS=''
LIBTOOL='$(SHELL) $(top_builddir)/libtool'
LIPO=''
LN_S='ln -s'
LTLIBOBJS=''
MAKEINFO='${SHELL} /home/sandevil/filetransfer-system/missing --run makeinfo'
MANIFEST_TOOL=':'
MKDIR_P='/bin/mkdir -p'
NM='/usr/bin/nm -B'
NMEDIT=''
OBJDUMP='objdump'
OBJEXT='o'
OTOOL64=''
OTOOL=''
PACKAGE='filetransfer_system'
PACKAGE_BUGREPORT=''
PACKAGE_NAME='filetransfer_system'
PACKAGE_STRING='filetransfer_system 0.1'
PACKAGE_TARNAME='filetransfer_system'
PACKAGE_URL=''
PACKAGE_VERSION='0.1'
PATH_SEPARATOR=':'
PKG_CONFIG='/usr/bin/pkg-config'
PKG_CONFIG_LIBDIR=''
PKG_CONFIG_PATH=''
RANLIB='ranlib'
SED='/bin/sed'
SET_MAKE=''
SHELL='/bin/bash'
STRIP='strip'
VERSION='0.1'
ac_ct_AR='ar'
ac_ct_CC='gcc'
ac_ct_DUMPBIN=''
am__EXEEXT_FALSE=''
am__EXEEXT_TRUE='#'
am__fastdepCC_FALSE='#'
am__fastdepCC_TRUE=''
am__include='include'
am__isrc=' -I$(srcdir)'
am__leading_dot='.'
am__nodep='_no'
am__quote=''
am__tar='$${TAR-tar} chof - "$$tardir"'
am__untar='$${TAR-tar} xf -'
bindir='${exec_prefix}/bin'
build='x86_64-unknown-linux-gnu'
build_alias=''
build_cpu='x86_64'
build_os='linux-gnu'
build_vendor='unknown'
datadir='${datarootdir}'
datarootdir='${prefix}/share'
docdir='${datarootdir}/doc/${PACKAGE_TARNAME}'
dvidir='${docdir}'
exec_prefix='${prefix}'
host='x86_64-unknown-linux-gnu'
host_alias=''
host_cpu='x86_64'
host_os='linux-gnu'
host_vendor='unknown'
htmldir='${docdir}'
includedir='${prefix}/include'
infodir='${datarootdir}/info'
install_sh='${SHELL} /home/sandevil/filetransfer-system/install-sh'
libdir='${exec_prefix}/lib'
libexecdir='${exec_prefix}/libexec'
localedir='${datarootdir}/locale'
localstatedir='${prefix}/var'
mandir='${datarootdir}/man'
mkdir_p='/bin/mkdir -p'
oldincludedir='/usr/include'
pdfdir='${docdir}'
prefix='/usr/local'
program_transform_name='s,x,x,'
psdir='${docdir}'
sbindir='${exec_prefix}/sbin'
sharedstatedir='${prefix}/com'
sysconfdir='${prefix}/etc'
target_alias=''

## ----------- ##
## confdefs.h. ##
## ----------- ##

/* confdefs.h */
#define PACKAGE_NAME "filetransfer_system"
#define PACKAGE_TARNAME "filetransfer_system"
#define PACKAGE_VERSION "0.1"
#define PACKAGE_STRING "filetransfer_system 0.1"
#define PACKAGE_BUGREPORT ""
#define PACKAGE_URL ""
#define PACKAGE "filetransfer_system"
#define VERSION "0.1"
#define STDC_HEADERS 1
#define HAVE_SYS_TYPES_H 1
#define HAVE_SYS_STAT_H 1
#define HAVE_STDLIB_H 1
#define HAVE_STRING_H 1
#define HAVE_MEMORY_H 1
#define HAVE_STRINGS_H 1
#define HAVE_INTTYPES_H 1
#define HAVE_STDINT_H 1
#define HAVE_UNISTD_H 1
#define HAVE_DLFCN_H 1
#define LT_OBJDIR ".libs/"

configure: exit 0
